Using pre-set license

 COMMAND LINE ARGUMENTS:
/Applications/Unity/Hub/Editor/2020.3.7f1/Unity.app/Contents/MacOS/Unity
-adb2
-batchMode
-noUpm
-name
AssetImportWorker0
-projectPath
/Users/urner/Source/GitHub/CWC-Prototypes/Prototype-3/Prototype-3
-logFile
Logs/AssetImportWorker0.log
-srvPort
52052
Successfully changed project path to: /Users/urner/Source/GitHub/CWC-Prototypes/Prototype-3/Prototype-3
/Users/urner/Source/GitHub/CWC-Prototypes/Prototype-3/Prototype-3
Using Asset Import Pipeline V2.
Refreshing native plugins compatible for Editor in 35.57 ms, found 1 plugins.
Preloading 0 native plugins for Editor in 0.00 ms.
Initialize engine version: 2020.3.7f1 (dd97f2c94397)
[Subsystems] Discovering subsystems at path /Applications/Unity/Hub/Editor/2020.3.7f1/Unity.app/Contents/Resources/UnitySubsystems
[Subsystems] Discovering subsystems at path /Users/urner/Source/GitHub/CWC-Prototypes/Prototype-3/Prototype-3/Assets
GfxDevice: creating device client; threaded=0
2021-11-21 17:01:15.883 Unity[8905:100340] LG QHD preferred device: AMD Radeon R9 M370X (high power)
2021-11-21 17:01:15.883 Unity[8905:100340] Metal devices available: 2
2021-11-21 17:01:15.883 Unity[8905:100340] 0: AMD Radeon R9 M370X (high power)
2021-11-21 17:01:15.883 Unity[8905:100340] 1: Intel Iris Pro Graphics (low power)
2021-11-21 17:01:15.884 Unity[8905:100340] Using device AMD Radeon R9 M370X (high power)
Initializing Metal device caps: AMD Radeon R9 M370X
Initialize mono
Mono path[0] = '/Applications/Unity/Hub/Editor/2020.3.7f1/Unity.app/Contents/Managed'
Mono path[1] = '/Applications/Unity/Hub/Editor/2020.3.7f1/Unity.app/Contents/MonoBleedingEdge/lib/mono/unityjit'
Mono config path = '/Applications/Unity/Hub/Editor/2020.3.7f1/Unity.app/Contents/MonoBleedingEdge/etc'
Using monoOptions --debugger-agent=transport=dt_socket,embedding=1,server=y,suspend=n,address=127.0.0.1:56905
Begin MonoManager ReloadAssembly
Registering precompiled unity dll's ...
Register platform support module: /Applications/Unity/Hub/Editor/2020.3.7f1/PlaybackEngines/WebGLSupport/UnityEditor.WebGL.Extensions.dll
Register platform support module: /Applications/Unity/Hub/Editor/2020.3.7f1/Unity.app/Contents/PlaybackEngines/MacStandaloneSupport/UnityEditor.OSXStandalone.Extensions.dll
Registered in 0.004209 seconds.
Native extension for OSXStandalone target not found
Native extension for WebGL target not found
Refreshing native plugins compatible for Editor in 25.80 ms, found 1 plugins.
Preloading 0 native plugins for Editor in 0.00 ms.
Mono: successfully reloaded assembly
- Completed reload, in  4.010 seconds
Platform modules already initialized, skipping
Registering precompiled user dll's ...
Registered in 0.000911 seconds.
Begin MonoManager ReloadAssembly
Native extension for OSXStandalone target not found
Native extension for WebGL target not found
Refreshing native plugins compatible for Editor in 0.24 ms, found 1 plugins.
Preloading 0 native plugins for Editor in 0.00 ms.
Mono: successfully reloaded assembly
- Completed reload, in  1.136 seconds
Platform modules already initialized, skipping
========================================================================
Worker process is ready to serve import requests
Launching external process: /Applications/Unity/Hub/Editor/2020.3.7f1/Unity.app/Contents/Tools/UnityShaderCompiler
Launched and connected shader compiler UnityShaderCompiler after 0.01 seconds
Refreshing native plugins compatible for Editor in 0.38 ms, found 1 plugins.
Preloading 0 native plugins for Editor in 0.00 ms.
Unloading 1116 Unused Serialized files (Serialized files now loaded: 0)
System memory in use before: 110.4 MB.
System memory in use after: 110.5 MB.

Unloading 10 unused Assets to reduce memory usage. Loaded Objects now: 1558.
Total: 3.897769 ms (FindLiveObjects: 0.369698 ms CreateObjectMapping: 0.135565 ms MarkObjects: 3.217547 ms  DeleteObjects: 0.173293 ms)

========================================================================
Received Import Request.
  path: Assets/Course Library/_Source_Files/Textures/Background_City.png
  artifactKey: Guid(66ce0fda7508547d2be6b20eac53f119) Importer(815301076,1909f56bfc062723c751e8b465ee728b)
Start importing Assets/Course Library/_Source_Files/Textures/Background_City.png using Guid(66ce0fda7508547d2be6b20eac53f119) Importer(815301076,1909f56bfc062723c751e8b465ee728b)  -> (artifact id: 'a64c46cbb75097244fad8668beb68f85') in 0.592208 seconds
  Import took 0.595139 seconds .

========================================================================
Received Import Request.
  Time since last request: 0.000212 seconds.
  path: Assets/Course Library/_Source_Files/Textures/Background_Nature.png
  artifactKey: Guid(17881b719d84f46169e88d04d594eb75) Importer(815301076,1909f56bfc062723c751e8b465ee728b)
Start importing Assets/Course Library/_Source_Files/Textures/Background_Nature.png using Guid(17881b719d84f46169e88d04d594eb75) Importer(815301076,1909f56bfc062723c751e8b465ee728b)  -> (artifact id: '85e1339708daae29cfa80e01c41a7a11') in 0.018664 seconds
  Import took 0.020522 seconds .

========================================================================
Received Import Request.
  Time since last request: 0.000181 seconds.
  path: Assets/Course Library/_Source_Files/Textures/Background_Town.png
  artifactKey: Guid(640fa9e54570b4acbbc4acf8f3bf8663) Importer(815301076,1909f56bfc062723c751e8b465ee728b)
Start importing Assets/Course Library/_Source_Files/Textures/Background_Town.png using Guid(640fa9e54570b4acbbc4acf8f3bf8663) Importer(815301076,1909f56bfc062723c751e8b465ee728b)  -> (artifact id: '03112ec889dce6eb3a363dc18b44baef') in 0.017283 seconds
  Import took 0.019047 seconds .

========================================================================
Received Import Request.
  Time since last request: 910.973871 seconds.
  path: Assets/Course Library/Characters/Town
  artifactKey: Guid(1c40e59f62d66499483f34d7d8e9fc29) Importer(815301076,1909f56bfc062723c751e8b465ee728b)
Start importing Assets/Course Library/Characters/Town using Guid(1c40e59f62d66499483f34d7d8e9fc29) Importer(815301076,1909f56bfc062723c751e8b465ee728b)  -> (artifact id: 'aeb3d07138e9c7fb89841a1f6ec18ffd') in 0.002560 seconds
  Import took 0.005352 seconds .

========================================================================
Received Import Request.
  Time since last request: 0.000936 seconds.
  path: Assets/Course Library/Characters/Town
  artifactKey: Guid(1c40e59f62d66499483f34d7d8e9fc29) Importer(815301076,1909f56bfc062723c751e8b465ee728b)
Start importing Assets/Course Library/Characters/Town using Guid(1c40e59f62d66499483f34d7d8e9fc29) Importer(815301076,1909f56bfc062723c751e8b465ee728b)  -> (artifact id: 'aeb3d07138e9c7fb89841a1f6ec18ffd') in 0.001003 seconds
  Import took 0.002964 seconds .

========================================================================
Received Import Request.
  Time since last request: 14.266604 seconds.
  path: Assets/Course Library/Characters/Town/SimplePeople_Woman_Doctor_Black.prefab
  artifactKey: Guid(03ffd135f81a3fb4cb6f2e6e944f979d) Importer(815301076,1909f56bfc062723c751e8b465ee728b)
Start importing Assets/Course Library/Characters/Town/SimplePeople_Woman_Doctor_Black.prefab using Guid(03ffd135f81a3fb4cb6f2e6e944f979d) Importer(815301076,1909f56bfc062723c751e8b465ee728b)  -> (artifact id: 'e0cd5f99ffe7132d0fe7fca393180d8b') in 0.858512 seconds
  Import took 0.864540 seconds .

========================================================================
Received Import Request.
  Time since last request: 121.406247 seconds.
  path: Assets/Scripts
  artifactKey: Guid(cab1d2b64bb6a421f92f5abd95566117) Importer(815301076,1909f56bfc062723c751e8b465ee728b)
Start importing Assets/Scripts using Guid(cab1d2b64bb6a421f92f5abd95566117) Importer(815301076,1909f56bfc062723c751e8b465ee728b)  -> (artifact id: 'eb589a1b0990b0518034729138b70362') in 0.003124 seconds
  Import took 0.005710 seconds .

========================================================================
Received Import Request.
  Time since last request: 0.000472 seconds.
  path: Assets/Scripts
  artifactKey: Guid(cab1d2b64bb6a421f92f5abd95566117) Importer(815301076,1909f56bfc062723c751e8b465ee728b)
Start importing Assets/Scripts using Guid(cab1d2b64bb6a421f92f5abd95566117) Importer(815301076,1909f56bfc062723c751e8b465ee728b)  -> (artifact id: 'eb589a1b0990b0518034729138b70362') in 0.001455 seconds
  Import took 0.003144 seconds .

========================================================================
Received Import Request.
  Time since last request: 16.831568 seconds.
  path: Assets/Scripts/PlayerController.cs
  artifactKey: Guid(561ccedfdff3c4dbfaf625e8052d2bc8) Importer(815301076,1909f56bfc062723c751e8b465ee728b)
Start importing Assets/Scripts/PlayerController.cs using Guid(561ccedfdff3c4dbfaf625e8052d2bc8) Importer(815301076,1909f56bfc062723c751e8b465ee728b)  -> (artifact id: '231ea97a0ec458c508234bf89dfe90b1') in 0.396076 seconds
  Import took 0.399212 seconds .

========================================================================
Received Prepare
Registering precompiled user dll's ...
Registered in 0.000404 seconds.
Begin MonoManager ReloadAssembly
Native extension for OSXStandalone target not found
Native extension for WebGL target not found
Refreshing native plugins compatible for Editor in 0.25 ms, found 1 plugins.
Preloading 0 native plugins for Editor in 0.00 ms.
Mono: successfully reloaded assembly
- Completed reload, in  1.038 seconds
Platform modules already initialized, skipping
Refreshing native plugins compatible for Editor in 0.23 ms, found 1 plugins.
Preloading 0 native plugins for Editor in 0.00 ms.
Unloading 1111 Unused Serialized files (Serialized files now loaded: 0)
System memory in use before: 140.9 MB.
System memory in use after: 141.0 MB.

Unloading 5 unused Assets to reduce memory usage. Loaded Objects now: 1574.
Total: 2.599324 ms (FindLiveObjects: 0.220981 ms CreateObjectMapping: 0.070100 ms MarkObjects: 2.245616 ms  DeleteObjects: 0.060784 ms)

========================================================================
Received Prepare
Registering precompiled user dll's ...
Registered in 0.000427 seconds.
Begin MonoManager ReloadAssembly
Native extension for OSXStandalone target not found
Native extension for WebGL target not found
Refreshing native plugins compatible for Editor in 0.25 ms, found 1 plugins.
Preloading 0 native plugins for Editor in 0.00 ms.
Mono: successfully reloaded assembly
- Completed reload, in  1.032 seconds
Platform modules already initialized, skipping
Refreshing native plugins compatible for Editor in 0.24 ms, found 1 plugins.
Preloading 0 native plugins for Editor in 0.00 ms.
Unloading 1111 Unused Serialized files (Serialized files now loaded: 0)
System memory in use before: 141.2 MB.
System memory in use after: 141.3 MB.

Unloading 5 unused Assets to reduce memory usage. Loaded Objects now: 1577.
Total: 2.947346 ms (FindLiveObjects: 0.260262 ms CreateObjectMapping: 0.069613 ms MarkObjects: 2.537368 ms  DeleteObjects: 0.078661 ms)

========================================================================
Received Import Request.
  Time since last request: 859.365865 seconds.
  path: Assets/Scripts/PlayerController.cs
  artifactKey: Guid(561ccedfdff3c4dbfaf625e8052d2bc8) Importer(815301076,1909f56bfc062723c751e8b465ee728b)
Start importing Assets/Scripts/PlayerController.cs using Guid(561ccedfdff3c4dbfaf625e8052d2bc8) Importer(815301076,1909f56bfc062723c751e8b465ee728b)  -> (artifact id: '8b9682ceb038403a98944fc8f6e58410') in 0.042452 seconds
  Import took 0.045650 seconds .

========================================================================
Received Prepare
Registering precompiled user dll's ...
Registered in 0.000433 seconds.
Begin MonoManager ReloadAssembly
Native extension for OSXStandalone target not found
Native extension for WebGL target not found
Refreshing native plugins compatible for Editor in 0.24 ms, found 1 plugins.
Preloading 0 native plugins for Editor in 0.00 ms.
Mono: successfully reloaded assembly
- Completed reload, in  1.026 seconds
Platform modules already initialized, skipping
Refreshing native plugins compatible for Editor in 0.25 ms, found 1 plugins.
Preloading 0 native plugins for Editor in 0.00 ms.
Unloading 1111 Unused Serialized files (Serialized files now loaded: 0)
System memory in use before: 141.4 MB.
System memory in use after: 141.4 MB.

Unloading 5 unused Assets to reduce memory usage. Loaded Objects now: 1580.
Total: 2.816940 ms (FindLiveObjects: 0.261474 ms CreateObjectMapping: 0.078259 ms MarkObjects: 2.388438 ms  DeleteObjects: 0.086331 ms)

========================================================================
Received Prepare
Registering precompiled user dll's ...
Registered in 0.000353 seconds.
Begin MonoManager ReloadAssembly
Native extension for OSXStandalone target not found
Native extension for WebGL target not found
Refreshing native plugins compatible for Editor in 0.30 ms, found 1 plugins.
Preloading 0 native plugins for Editor in 0.00 ms.
Mono: successfully reloaded assembly
- Completed reload, in  1.036 seconds
Platform modules already initialized, skipping
Refreshing native plugins compatible for Editor in 0.24 ms, found 1 plugins.
Preloading 0 native plugins for Editor in 0.00 ms.
Unloading 1111 Unused Serialized files (Serialized files now loaded: 0)
System memory in use before: 141.6 MB.
System memory in use after: 141.6 MB.

Unloading 5 unused Assets to reduce memory usage. Loaded Objects now: 1583.
Total: 2.052465 ms (FindLiveObjects: 0.195337 ms CreateObjectMapping: 0.038793 ms MarkObjects: 1.753703 ms  DeleteObjects: 0.063285 ms)

